3 -0.772339 6.57104 6 0.571041
4 -0.210036 6.01432 6 0.0143169
4 -1.90638 15.7082 13 2.70823
4 -4.17827 26.3625 20 6.36252
5 0.11718 6 6 0
5 -1.09216 13.7139 13 0.713932
5 -2.57731 24.4357 20 4.43574
5 -4.29473 34.0801 27 7.0801
5 -6.22485 44.7313 34 10.7313
5 -8.24676 54.7778 41 13.7778
5 -10.4908 65.5293 48 17.5293
6 0.328981 6 6 0
6 -0.599136 13.0234 13 0.0233818
6 -1.69626 21.5314 20 1.53136
6 -2.92912 32.2084 27 5.20836
6 -4.28668 41.2981 34 7.2981
6 -5.74053 51.1027 41 10.1027
6 -7.27294 60.9677 48 12.9677
6 -8.82169 70.7613 55 15.7613
6 -10.3563 80.791 62 18.791
6 -11.9808 90.7004 69 21.7004
7 0.482889 6 6 0
7 -0.267733 13 13 0
7 -1.16181 20.127 20 0.12703
7 -2.12222 29.0622 27 2.06222
7 -3.16728 39.4398 34 5.43984
7 -4.29226 48.2915 41 7.29146
7 -5.45567 57.5149 48 9.51486
7 -6.66479 67.2955 55 12.2955
7 -7.91214 76.3738 62 14.3738
7 -9.16457 85.8516 69 16.8516
7 -10.3756 95.4142 76 19.4142
7 -11.6014 104.729 83 21.7293
8 0.601021 6 6 0
8 -0.0282221 13 13 0
8 -0.755391 20.0065 20 0.0064662
8 -1.55716 27.2154 27 0.215363
8 -2.41769 36.2293 34 2.22928
8 -3.33346 46.2914 41 5.2914
8 -4.2725 55.12 48 7.12
8 -5.24935 63.931 55 8.93103
8 -6.24579 73.1422 62 11.1422
8 -7.27342 82.3162 69 13.3162
8 -8.32058 91.2035 76 15.2035
8 -9.36788 100.361 83 17.3605
8 -10.3759 109.615 90 19.6145
8 -11.3828 118.522 97 21.5219
9 0.694265 6 6 0
9 0.174308 13 13 0
9 -0.456731 20.0008 20 0.000797181
9 -1.14894 27.0275 27 0.027549
9 -1.86878 34.2618 34 0.261766
9 -2.63496 43.1184 41 2.11838
9 -3.4285 52.8064 48 4.80645
9 -4.25155 61.8668 55 6.86677
9 -5.08281 70.3549 62 8.35486
9 -5.94418 79.1617 69 10.1617
9 -6.82439 88.2688 76 12.2688
9 -7.70078 96.9643 83 13.9643
9 -8.59459 105.644 90 15.644
9 -9.48679 114.514 97 17.5143
9 -10.3572 123.541 104 19.5406
9 -11.2084 132.174 111 21.1738
10 0.770087 6 6 0
10 0.326982 13 13 0
10 -0.224665 20 20 0
10 -0.824943 27.0048 27 0.00479747
10 -1.45173 34.0417 34 0.0417258
10 -2.11883 41.2582 41 0.258223
10 -2.79267 49.7771 48 1.7771
10 -3.50216 59.1741 55 4.17409
10 -4.22479 68.5603 62 6.56025
10 -4.95568 76.8116 69 7.81161
10 -5.71146 85.313 76 9.31303
10 -6.46513 94.0215 83 11.0215
10 -7.23437 102.956 90 12.9559
10 -8.01697 111.349 97 14.3492
10 -8.79369 119.84 104 15.8405
10 -9.56657 128.47 111 17.4704
10 -10.3274 137.222 118 19.2218
10 -11.067 145.774 125 20.7737
11 0.833195 6 6 0
11 0.453928 13 13 0
11 -0.0371055 20 20 0
11 -0.565548 27.0003 27 0.000323654
11 -1.12294 34.0062 34 0.0061578
11 -1.69899 41.0419 41 0.0419456
11 -2.30035 48.1928 48 0.19283
11 -2.91709 56.2882 55 1.2882
11 -3.55367 65.4164 62 3.41637
11 -4.19922 74.9178 69 5.91783
11 -4.84972 83.2899 76 7.28991
11 -5.5199 91.5519 83 8.55191
11 -6.18689 99.9775 90 9.97755
11 -6.87183 108.593 97 11.5929
11 -7.55197 117.315 104 13.3147
11 -8.24535 125.535 111 14.5354
11 -8.94011 133.874 118 15.8735
11 -9.61926 142.304 125 17.3042
11 -10.2944 150.835 132 18.8354
11 -10.947 159.359 139 20.3588
11 -11.5797 167.594 146 21.5942
12 0.892884 6 6 0
12 0.560808 13 13 0
12 0.115233 20 20 0
12 -0.349188 27 27 0
12 -0.856563 34.0014 34 0.00143878
12 -1.36704 41.0084 41 0.00836153
12 -1.90683 48.0308 48 0.0307885
12 -2.45419 55.1324 55 0.13241
12 -3.01916 62.694 62 0.693968
12 -3.58801 71.5649 69 2.56492
12 -4.17424 80.7755 76 4.77548
12 -4.76216 89.7918 83 6.79178
12 -5.36105 97.8615 90 7.86145
12 -5.9605 106.07 97 9.06973
12 -6.57514 114.434 104 10.4344
12 -7.18587 122.921 111 11.9213
12 -7.80753 131.492 118 13.4923
12 -8.42236 139.591 125 14.5914
12 -9.04814 147.795 132 15.7946
12 -9.65642 156.065 139 17.0652
12 -10.2609 164.415 146 18.4154
12 -10.8439 172.816 153 19.816
12 -11.4023 181.013 160 21.0132
